\BOOKMARK [0][-]{section*.1}{List of Figures}{}% 1
\BOOKMARK [0][-]{chapter.1}{Introduction}{}% 2
\BOOKMARK [1][-]{section.1.1}{Introduction}{chapter.1}% 3
\BOOKMARK [0][-]{chapter.2}{Classical Sensing}{}% 4
\BOOKMARK [1][-]{section.2.1}{Introduction}{chapter.2}% 5
\BOOKMARK [1][-]{section.2.2}{Classical Sensing}{chapter.2}% 6
\BOOKMARK [1][-]{section.2.3}{Narrowband Spectrum Sensing}{chapter.2}% 7
\BOOKMARK [2][-]{subsection.2.3.1}{Classical Spectrum Sensing}{section.2.3}% 8
\BOOKMARK [2][-]{subsection.2.3.2}{Distributed Approaches to Spectrum Sensing}{section.2.3}% 9
\BOOKMARK [0][-]{chapter.3}{Compressive Sensing}{}% 10
\BOOKMARK [1][-]{section.3.1}{Introduction and Preliminaries}{chapter.3}% 11
\BOOKMARK [2][-]{subsection.3.1.1}{RIP and Stable Embeddings}{section.3.1}% 12
\BOOKMARK [2][-]{subsection.3.1.2}{Random Matrix Constructions}{section.3.1}% 13
\BOOKMARK [2][-]{subsection.3.1.3}{Wishart Matrices}{section.3.1}% 14
\BOOKMARK [2][-]{subsection.3.1.4}{Reconstruction Algorithms}{section.3.1}% 15
\BOOKMARK [1][-]{section.3.2}{Multiple Measurement Vector}{chapter.3}% 16
\BOOKMARK [1][-]{section.3.3}{Compressive Sensing Architechtures}{chapter.3}% 17
\BOOKMARK [2][-]{subsection.3.3.1}{Modulated Wideband Converter}{section.3.3}% 18
\BOOKMARK [2][-]{subsection.3.3.2}{Random Demodulator}{section.3.3}% 19
\BOOKMARK [1][-]{section.3.4}{Distributed Compressive Sensing}{chapter.3}% 20
\BOOKMARK [1][-]{section.3.5}{Compressive Sampling for Spectrum Sensing}{chapter.3}% 21
\BOOKMARK [0][-]{chapter.4}{ADMM}{}% 22
\BOOKMARK [1][-]{section.4.1}{ADMM}{chapter.4}% 23
\BOOKMARK [2][-]{subsection.4.1.1}{The Proximity Operator}{section.4.1}% 24
\BOOKMARK [2][-]{subsection.4.1.2}{Statistical Interpretation}{section.4.1}% 25
\BOOKMARK [2][-]{subsection.4.1.3}{Acceleration}{section.4.1}% 26
\BOOKMARK [0][-]{chapter.5}{Optimisation on Graphs}{}% 27
\BOOKMARK [1][-]{section.5.1}{Constrained Optimisation on Graphs}{chapter.5}% 28
\BOOKMARK [2][-]{subsection.5.1.1}{DADMM-Lasso}{section.5.1}% 29
\BOOKMARK [2][-]{subsection.5.1.2}{DADMM-Dantzig-Selector}{section.5.1}% 30
\BOOKMARK [2][-]{subsection.5.1.3}{DADMM-MMV}{section.5.1}% 31
\BOOKMARK [1][-]{section.5.2}{Results}{chapter.5}% 32
\BOOKMARK [1][-]{section.5.3}{Conclusions}{chapter.5}% 33
\BOOKMARK [0][-]{chapter.6}{Sensing with Heavyside Basis}{}% 34
\BOOKMARK [1][-]{section.6.1}{Introduction}{chapter.6}% 35
\BOOKMARK [1][-]{section.6.2}{Signal Model}{chapter.6}% 36
\BOOKMARK [1][-]{section.6.3}{Sensing Model}{chapter.6}% 37
\BOOKMARK [1][-]{section.6.4}{Constrained Optimisation on Graphs}{chapter.6}% 38
\BOOKMARK [1][-]{section.6.5}{Results}{chapter.6}% 39
\BOOKMARK [1][-]{section.6.6}{Conclusions}{chapter.6}% 40
\BOOKMARK [0][-]{chapter.7}{Compressive Inference}{}% 41
\BOOKMARK [1][-]{section.7.1}{Introduction}{chapter.7}% 42
\BOOKMARK [1][-]{section.7.2}{Compressive Estimation}{chapter.7}% 43
\BOOKMARK [2][-]{subsection.7.2.1}{Example: Single Spike}{section.7.2}% 44
\BOOKMARK [2][-]{subsection.7.2.2}{Estimating a single rectangle}{section.7.2}% 45
\BOOKMARK [2][-]{subsection.7.2.3}{Estimating Frequency spectra}{section.7.2}% 46
\BOOKMARK [0][-]{chapter.8}{Results on OFCOM Data}{}% 47
\BOOKMARK [1][-]{section.8.1}{Introduction}{chapter.8}% 48
\BOOKMARK [1][-]{section.8.2}{Data Set}{chapter.8}% 49
\BOOKMARK [1][-]{section.8.3}{Results: Distributed Estimation with Heaviside Basis}{chapter.8}% 50
\BOOKMARK [1][-]{section.8.4}{Compressive Estimation}{chapter.8}% 51
\BOOKMARK [0][-]{chapter.9}{Group Testing}{}% 52
\BOOKMARK [1][-]{section.9.1}{Introduction and notation}{chapter.9}% 53
\BOOKMARK [2][-]{subsection.9.1.1}{Group Testing}{section.9.1}% 54
\BOOKMARK [2][-]{subsection.9.1.2}{The Probabilistic group testing problem}{section.9.1}% 55
\BOOKMARK [2][-]{subsection.9.1.3}{Group testing capacity}{section.9.1}% 56
\BOOKMARK [2][-]{subsection.9.1.4}{Main results}{section.9.1}% 57
\BOOKMARK [1][-]{section.9.2}{Algorithms and existing results}{chapter.9}% 58
\BOOKMARK [2][-]{subsection.9.2.1}{Upper bounds on success probability}{section.9.2}% 59
\BOOKMARK [2][-]{subsection.9.2.2}{Binary search algorithms}{section.9.2}% 60
\BOOKMARK [2][-]{subsection.9.2.3}{Summary of our contribution}{section.9.2}% 61
\BOOKMARK [2][-]{subsection.9.2.4}{Wider context: sparse inference problems}{section.9.2}% 62
\BOOKMARK [1][-]{section.9.3}{Analysis and new bounds}{chapter.9}% 63
\BOOKMARK [2][-]{subsection.9.3.1}{Searching a set of bounded ratio}{section.9.3}% 64
\BOOKMARK [2][-]{subsection.9.3.2}{Discarding low probability items}{section.9.3}% 65
\BOOKMARK [2][-]{subsection.9.3.3}{Searching the entire set}{section.9.3}% 66
\BOOKMARK [2][-]{subsection.9.3.4}{Bounding the expected number of tests}{section.9.3}% 67
\BOOKMARK [2][-]{subsection.9.3.5}{Controlling the error probabilities}{section.9.3}% 68
\BOOKMARK [1][-]{section.9.4}{Results}{chapter.9}% 69
\BOOKMARK [1][-]{section.9.5}{Discussion}{chapter.9}% 70
\BOOKMARK [0][-]{section*.14}{Bibliography}{}% 71
