This is pdfTeX, Version 3.1415926-1.40.10 (TeX Live 2009/Debian) (format=pdflatex 2013.10.1)  5 AUG 2014 15:56
entering extended mode
 %&-line parsing enabled.
**report2014.tex
(./report2014.tex
LaTeX2e <2009/09/24>
Babel <v3.8l> and hyphenation patterns for english, usenglishmax, dumylang, noh
yphenation, loaded.
(./IEEEtran.cls
Document Class: IEEEtran 2012/12/27 V1.8 by Michael Shell
-- See the "IEEEtran_HOWTO" manual for usage information.
-- http://www.michaelshell.org/tex/ieeetran/
\@IEEEtrantmpdimenA=\dimen102
\@IEEEtrantmpdimenB=\dimen103
\@IEEEtrantmpcountA=\count79
\@IEEEtrantmpcountB=\count80
\@IEEEtrantmptoksA=\toks14
LaTeX Font Info:    Try loading font information for OT1+ptm on input line 368.

(/usr/share/texmf-texlive/tex/latex/psnfss/ot1ptm.fd
File: ot1ptm.fd 2001/06/04 font definitions for OT1/ptm.
)
-- Using 8.5in x 11in (letter) paper.
-- Using PDF output.
\@IEEEnormalsizeunitybaselineskip=\dimen104
-- This is a 10 point document.
\CLASSINFOnormalsizebaselineskip=\dimen105
\CLASSINFOnormalsizeunitybaselineskip=\dimen106
\IEEEnormaljot=\dimen107
LaTeX Font Info:    Font shape `OT1/ptm/bx/n' in size <5> not available
(Font)              Font shape `OT1/ptm/b/n' tried instead on input line 726.
LaTeX Font Info:    Font shape `OT1/ptm/bx/it' in size <5> not available
(Font)              Font shape `OT1/ptm/b/it' tried instead on input line 726.
LaTeX Font Info:    Font shape `OT1/ptm/bx/n' in size <7> not available
(Font)              Font shape `OT1/ptm/b/n' tried instead on input line 726.
LaTeX Font Info:    Font shape `OT1/ptm/bx/it' in size <7> not available
(Font)              Font shape `OT1/ptm/b/it' tried instead on input line 726.
LaTeX Font Info:    Font shape `OT1/ptm/bx/n' in size <8> not available
(Font)              Font shape `OT1/ptm/b/n' tried instead on input line 726.
LaTeX Font Info:    Font shape `OT1/ptm/bx/it' in size <8> not available
(Font)              Font shape `OT1/ptm/b/it' tried instead on input line 726.
LaTeX Font Info:    Font shape `OT1/ptm/bx/n' in size <9> not available
(Font)              Font shape `OT1/ptm/b/n' tried instead on input line 726.
LaTeX Font Info:    Font shape `OT1/ptm/bx/it' in size <9> not available
(Font)              Font shape `OT1/ptm/b/it' tried instead on input line 726.
LaTeX Font Info:    Font shape `OT1/ptm/bx/n' in size <10> not available
(Font)              Font shape `OT1/ptm/b/n' tried instead on input line 726.
LaTeX Font Info:    Font shape `OT1/ptm/bx/it' in size <10> not available
(Font)              Font shape `OT1/ptm/b/it' tried instead on input line 726.
LaTeX Font Info:    Font shape `OT1/ptm/bx/n' in size <11> not available
(Font)              Font shape `OT1/ptm/b/n' tried instead on input line 726.
LaTeX Font Info:    Font shape `OT1/ptm/bx/it' in size <11> not available
(Font)              Font shape `OT1/ptm/b/it' tried instead on input line 726.
LaTeX Font Info:    Font shape `OT1/ptm/bx/n' in size <12> not available
(Font)              Font shape `OT1/ptm/b/n' tried instead on input line 726.
LaTeX Font Info:    Font shape `OT1/ptm/bx/it' in size <12> not available
(Font)              Font shape `OT1/ptm/b/it' tried instead on input line 726.
LaTeX Font Info:    Font shape `OT1/ptm/bx/n' in size <17> not available
(Font)              Font shape `OT1/ptm/b/n' tried instead on input line 726.
LaTeX Font Info:    Font shape `OT1/ptm/bx/it' in size <17> not available
(Font)              Font shape `OT1/ptm/b/it' tried instead on input line 726.
LaTeX Font Info:    Font shape `OT1/ptm/bx/n' in size <20> not available
(Font)              Font shape `OT1/ptm/b/n' tried instead on input line 726.
LaTeX Font Info:    Font shape `OT1/ptm/bx/it' in size <20> not available
(Font)              Font shape `OT1/ptm/b/it' tried instead on input line 726.
LaTeX Font Info:    Font shape `OT1/ptm/bx/n' in size <24> not available
(Font)              Font shape `OT1/ptm/b/n' tried instead on input line 726.
LaTeX Font Info:    Font shape `OT1/ptm/bx/it' in size <24> not available
(Font)              Font shape `OT1/ptm/b/it' tried instead on input line 726.
\IEEEilabelindentA=\dimen108
\IEEEilabelindentB=\dimen109
\IEEEilabelindent=\dimen110
\IEEEelabelindent=\dimen111
\IEEEdlabelindent=\dimen112
\IEEElabelindent=\dimen113
\IEEEiednormlabelsep=\dimen114
\IEEEiedmathlabelsep=\dimen115
\IEEEiedtopsep=\skip41
\c@section=\count81
\c@subsection=\count82
\c@subsubsection=\count83
\c@paragraph=\count84
\c@IEEEsubequation=\count85
\abovecaptionskip=\skip42
\belowcaptionskip=\skip43
\c@figure=\count86
\c@table=\count87
\@IEEEeqnnumcols=\count88
\@IEEEeqncolcnt=\count89
\@IEEEsubeqnnumrollback=\count90
\@IEEEtmpitemindent=\dimen116
\c@IEEEbiography=\count91
\@IEEEtranrubishbin=\box26
) (/usr/share/texmf-texlive/tex/latex/geometry/geometry.sty
Package: geometry 2008/12/21 v4.2 Page Geometry

(/usr/share/texmf-texlive/tex/latex/graphics/keyval.sty
Package: keyval 1999/03/16 v1.13 key=value parser (DPC)
\KV@toks@=\toks15
)
(/usr/share/texmf-texlive/tex/generic/oberdiek/ifpdf.sty
Package: ifpdf 2009/04/10 v2.0 Provides the ifpdf switch (HO)
Package ifpdf Info: pdfTeX in pdf mode detected.
)
(/usr/share/texmf-texlive/tex/generic/oberdiek/ifvtex.sty
Package: ifvtex 2008/11/04 v1.4 Switches for detecting VTeX and its modes (HO)
Package ifvtex Info: VTeX not detected.
)
\Gm@cnth=\count92
\Gm@cntv=\count93
\c@Gm@tempcnt=\count94
\Gm@bindingoffset=\dimen117
\Gm@wd@mp=\dimen118
\Gm@odd@mp=\dimen119
\Gm@even@mp=\dimen120
\Gm@dimlist=\toks16
)
(/usr/share/texmf-texlive/tex/latex/wrapfig/wrapfig.sty
\wrapoverhang=\dimen121
\WF@size=\dimen122
\c@WF@wrappedlines=\count95
\WF@box=\box27
\WF@everypar=\toks17
Package: wrapfig 2003/01/31  v 3.6
)
(/usr/share/texmf-texlive/tex/latex/amsfonts/amsfonts.sty
Package: amsfonts 2009/06/22 v3.00 Basic AMSFonts support
\@emptytoks=\toks18
\symAMSa=\mathgroup4
\symAMSb=\mathgroup5
LaTeX Font Info:    Overwriting math alphabet `\mathfrak' in version `bold'
(Font)                  U/euf/m/n --> U/euf/b/n on input line 96.
)
(/usr/share/texmf-texlive/tex/latex/base/inputenc.sty
Package: inputenc 2008/03/30 v1.1d Input encoding file
\inpenc@prehook=\toks19
\inpenc@posthook=\toks20

(/usr/share/texmf-texlive/tex/latex/base/utf8.def
File: utf8.def 2008/04/05 v1.1m UTF-8 support for inputenc
Now handling font encoding OML ...
... no UTF-8 mapping file for font encoding OML
Now handling font encoding T1 ...
... processing UTF-8 mapping file for font encoding T1

(/usr/share/texmf-texlive/tex/latex/base/t1enc.dfu
File: t1enc.dfu 2008/04/05 v1.1m UTF-8 support for inputenc
   defining Unicode char U+00A1 (decimal 161)
   defining Unicode char U+00A3 (decimal 163)
   defining Unicode char U+00AB (decimal 171)
   defining Unicode char U+00BB (decimal 187)
   defining Unicode char U+00BF (decimal 191)
   defining Unicode char U+00C0 (decimal 192)
   defining Unicode char U+00C1 (decimal 193)
   defining Unicode char U+00C2 (decimal 194)
   defining Unicode char U+00C3 (decimal 195)
   defining Unicode char U+00C4 (decimal 196)
   defining Unicode char U+00C5 (decimal 197)
   defining Unicode char U+00C6 (decimal 198)
   defining Unicode char U+00C7 (decimal 199)
   defining Unicode char U+00C8 (decimal 200)
   defining Unicode char U+00C9 (decimal 201)
   defining Unicode char U+00CA (decimal 202)
   defining Unicode char U+00CB (decimal 203)
   defining Unicode char U+00CC (decimal 204)
   defining Unicode char U+00CD (decimal 205)
   defining Unicode char U+00CE (decimal 206)
   defining Unicode char U+00CF (decimal 207)
   defining Unicode char U+00D0 (decimal 208)
   defining Unicode char U+00D1 (decimal 209)
   defining Unicode char U+00D2 (decimal 210)
   defining Unicode char U+00D3 (decimal 211)
   defining Unicode char U+00D4 (decimal 212)
   defining Unicode char U+00D5 (decimal 213)
   defining Unicode char U+00D6 (decimal 214)
   defining Unicode char U+00D8 (decimal 216)
   defining Unicode char U+00D9 (decimal 217)
   defining Unicode char U+00DA (decimal 218)
   defining Unicode char U+00DB (decimal 219)
   defining Unicode char U+00DC (decimal 220)
   defining Unicode char U+00DD (decimal 221)
   defining Unicode char U+00DE (decimal 222)
   defining Unicode char U+00DF (decimal 223)
   defining Unicode char U+00E0 (decimal 224)
   defining Unicode char U+00E1 (decimal 225)
   defining Unicode char U+00E2 (decimal 226)
   defining Unicode char U+00E3 (decimal 227)
   defining Unicode char U+00E4 (decimal 228)
   defining Unicode char U+00E5 (decimal 229)
   defining Unicode char U+00E6 (decimal 230)
   defining Unicode char U+00E7 (decimal 231)
   defining Unicode char U+00E8 (decimal 232)
   defining Unicode char U+00E9 (decimal 233)
   defining Unicode char U+00EA (decimal 234)
   defining Unicode char U+00EB (decimal 235)
   defining Unicode char U+00EC (decimal 236)
   defining Unicode char U+00ED (decimal 237)
   defining Unicode char U+00EE (decimal 238)
   defining Unicode char U+00EF (decimal 239)
   defining Unicode char U+00F0 (decimal 240)
   defining Unicode char U+00F1 (decimal 241)
   defining Unicode char U+00F2 (decimal 242)
   defining Unicode char U+00F3 (decimal 243)
   defining Unicode char U+00F4 (decimal 244)
   defining Unicode char U+00F5 (decimal 245)
   defining Unicode char U+00F6 (decimal 246)
   defining Unicode char U+00F8 (decimal 248)
   defining Unicode char U+00F9 (decimal 249)
   defining Unicode char U+00FA (decimal 250)
   defining Unicode char U+00FB (decimal 251)
   defining Unicode char U+00FC (decimal 252)
   defining Unicode char U+00FD (decimal 253)
   defining Unicode char U+00FE (decimal 254)
   defining Unicode char U+00FF (decimal 255)
   defining Unicode char U+0102 (decimal 258)
   defining Unicode char U+0103 (decimal 259)
   defining Unicode char U+0104 (decimal 260)
   defining Unicode char U+0105 (decimal 261)
   defining Unicode char U+0106 (decimal 262)
   defining Unicode char U+0107 (decimal 263)
   defining Unicode char U+010C (decimal 268)
   defining Unicode char U+010D (decimal 269)
   defining Unicode char U+010E (decimal 270)
   defining Unicode char U+010F (decimal 271)
   defining Unicode char U+0110 (decimal 272)
   defining Unicode char U+0111 (decimal 273)
   defining Unicode char U+0118 (decimal 280)
   defining Unicode char U+0119 (decimal 281)
   defining Unicode char U+011A (decimal 282)
   defining Unicode char U+011B (decimal 283)
   defining Unicode char U+011E (decimal 286)
   defining Unicode char U+011F (decimal 287)
   defining Unicode char U+0130 (decimal 304)
   defining Unicode char U+0131 (decimal 305)
   defining Unicode char U+0132 (decimal 306)
   defining Unicode char U+0133 (decimal 307)
   defining Unicode char U+0139 (decimal 313)
   defining Unicode char U+013A (decimal 314)
   defining Unicode char U+013D (decimal 317)
   defining Unicode char U+013E (decimal 318)
   defining Unicode char U+0141 (decimal 321)
   defining Unicode char U+0142 (decimal 322)
   defining Unicode char U+0143 (decimal 323)
   defining Unicode char U+0144 (decimal 324)
   defining Unicode char U+0147 (decimal 327)
   defining Unicode char U+0148 (decimal 328)
   defining Unicode char U+014A (decimal 330)
   defining Unicode char U+014B (decimal 331)
   defining Unicode char U+0150 (decimal 336)
   defining Unicode char U+0151 (decimal 337)
   defining Unicode char U+0152 (decimal 338)
   defining Unicode char U+0153 (decimal 339)
   defining Unicode char U+0154 (decimal 340)
   defining Unicode char U+0155 (decimal 341)
   defining Unicode char U+0158 (decimal 344)
   defining Unicode char U+0159 (decimal 345)
   defining Unicode char U+015A (decimal 346)
   defining Unicode char U+015B (decimal 347)
   defining Unicode char U+015E (decimal 350)
   defining Unicode char U+015F (decimal 351)
   defining Unicode char U+0160 (decimal 352)
   defining Unicode char U+0161 (decimal 353)
   defining Unicode char U+0162 (decimal 354)
   defining Unicode char U+0163 (decimal 355)
   defining Unicode char U+0164 (decimal 356)
   defining Unicode char U+0165 (decimal 357)
   defining Unicode char U+016E (decimal 366)
   defining Unicode char U+016F (decimal 367)
   defining Unicode char U+0170 (decimal 368)
   defining Unicode char U+0171 (decimal 369)
   defining Unicode char U+0178 (decimal 376)
   defining Unicode char U+0179 (decimal 377)
   defining Unicode char U+017A (decimal 378)
   defining Unicode char U+017B (decimal 379)
   defining Unicode char U+017C (decimal 380)
   defining Unicode char U+017D (decimal 381)
   defining Unicode char U+017E (decimal 382)
   defining Unicode char U+200C (decimal 8204)
   defining Unicode char U+2013 (decimal 8211)
   defining Unicode char U+2014 (decimal 8212)
   defining Unicode char U+2018 (decimal 8216)
   defining Unicode char U+2019 (decimal 8217)
   defining Unicode char U+201A (decimal 8218)
   defining Unicode char U+201C (decimal 8220)
   defining Unicode char U+201D (decimal 8221)
   defining Unicode char U+201E (decimal 8222)
   defining Unicode char U+2030 (decimal 8240)
   defining Unicode char U+2031 (decimal 8241)
   defining Unicode char U+2039 (decimal 8249)
   defining Unicode char U+203A (decimal 8250)
   defining Unicode char U+2423 (decimal 9251)
)
Now handling font encoding OT1 ...
... processing UTF-8 mapping file for font encoding OT1

(/usr/share/texmf-texlive/tex/latex/base/ot1enc.dfu
File: ot1enc.dfu 2008/04/05 v1.1m UTF-8 support for inputenc
   defining Unicode char U+00A1 (decimal 161)
   defining Unicode char U+00A3 (decimal 163)
   defining Unicode char U+00B8 (decimal 184)
   defining Unicode char U+00BF (decimal 191)
   defining Unicode char U+00C5 (decimal 197)
   defining Unicode char U+00C6 (decimal 198)
   defining Unicode char U+00D8 (decimal 216)
   defining Unicode char U+00DF (decimal 223)
   defining Unicode char U+00E6 (decimal 230)
   defining Unicode char U+00EC (decimal 236)
   defining Unicode char U+00ED (decimal 237)
   defining Unicode char U+00EE (decimal 238)
   defining Unicode char U+00EF (decimal 239)
   defining Unicode char U+00F8 (decimal 248)
   defining Unicode char U+0131 (decimal 305)
   defining Unicode char U+0141 (decimal 321)
   defining Unicode char U+0142 (decimal 322)
   defining Unicode char U+0152 (decimal 338)
   defining Unicode char U+0153 (decimal 339)
   defining Unicode char U+2013 (decimal 8211)
   defining Unicode char U+2014 (decimal 8212)
   defining Unicode char U+2018 (decimal 8216)
   defining Unicode char U+2019 (decimal 8217)
   defining Unicode char U+201C (decimal 8220)
   defining Unicode char U+201D (decimal 8221)
)
Now handling font encoding OMS ...
... processing UTF-8 mapping file for font encoding OMS

(/usr/share/texmf-texlive/tex/latex/base/omsenc.dfu
File: omsenc.dfu 2008/04/05 v1.1m UTF-8 support for inputenc
   defining Unicode char U+00A7 (decimal 167)
   defining Unicode char U+00B6 (decimal 182)
   defining Unicode char U+00B7 (decimal 183)
   defining Unicode char U+2020 (decimal 8224)
   defining Unicode char U+2021 (decimal 8225)
   defining Unicode char U+2022 (decimal 8226)
)
Now handling font encoding OMX ...
... no UTF-8 mapping file for font encoding OMX
Now handling font encoding U ...
... no UTF-8 mapping file for font encoding U
   defining Unicode char U+00A9 (decimal 169)
   defining Unicode char U+00AA (decimal 170)
   defining Unicode char U+00AE (decimal 174)
   defining Unicode char U+00BA (decimal 186)
   defining Unicode char U+02C6 (decimal 710)
   defining Unicode char U+02DC (decimal 732)
   defining Unicode char U+200C (decimal 8204)
   defining Unicode char U+2026 (decimal 8230)
   defining Unicode char U+2122 (decimal 8482)
   defining Unicode char U+2423 (decimal 9251)
))
(/usr/share/texmf-texlive/tex/latex/base/fontenc.sty
Package: fontenc 2005/09/27 v1.99g Standard LaTeX package

(/usr/share/texmf-texlive/tex/latex/base/t1enc.def
File: t1enc.def 2005/09/27 v1.99g Standard LaTeX file
LaTeX Font Info:    Redeclaring font encoding T1 on input line 43.
)
LaTeX Font Info:    Try loading font information for T1+ptm on input line 100.

(/usr/share/texmf-texlive/tex/latex/psnfss/t1ptm.fd
File: t1ptm.fd 2001/06/04 font definitions for T1/ptm.
))
(/usr/share/texmf-texlive/tex/latex/graphics/graphicx.sty
Package: graphicx 1999/02/16 v1.0f Enhanced LaTeX Graphics (DPC,SPQR)

(/usr/share/texmf-texlive/tex/latex/graphics/graphics.sty
Package: graphics 2009/02/05 v1.0o Standard LaTeX Graphics (DPC,SPQR)

(/usr/share/texmf-texlive/tex/latex/graphics/trig.sty
Package: trig 1999/03/16 v1.09 sin cos tan (DPC)
)
(/etc/texmf/tex/latex/config/graphics.cfg
File: graphics.cfg 2009/08/28 v1.8 graphics configuration of TeX Live
)
Package graphics Info: Driver file: pdftex.def on input line 91.

(/usr/share/texmf-texlive/tex/latex/pdftex-def/pdftex.def
File: pdftex.def 2010/03/12 v0.04p Graphics/color for pdfTeX
\Gread@gobject=\count96
))
\Gin@req@height=\dimen123
\Gin@req@width=\dimen124
)
(/usr/share/texmf-texlive/tex/generic/babel/babel.sty
Package: babel 2008/07/06 v3.8l The Babel package

(/usr/share/texmf-texlive/tex/generic/babel/english.ldf
Language: english 2005/03/30 v3.3o English support from the babel system

(/usr/share/texmf-texlive/tex/generic/babel/babel.def
File: babel.def 2008/07/06 v3.8l Babel common definitions
\babel@savecnt=\count97
\U@D=\dimen125
)
\l@british = a dialect from \language\l@english 
\l@UKenglish = a dialect from \language\l@english 
\l@canadian = a dialect from \language\l@american 
\l@australian = a dialect from \language\l@british 
\l@newzealand = a dialect from \language\l@british 
))
(/usr/share/texmf-texlive/tex/latex/algorithm2e/algorithm2e.sty
Package: algorithm2e 2005/10/04 v3.9 algorithms environments
\c@AlgoLine=\count98

(/usr/share/texmf-texlive/tex/latex/base/ifthen.sty
Package: ifthen 2001/05/26 v1.1c Standard LaTeX ifthen package (DPC)
)
(/usr/share/texmf-texlive/tex/latex/tools/xspace.sty
Package: xspace 2006/05/08 v1.12 Space after command names (DPC,MH)
)
********************************************************
Package `algorithm2e' Release 3.9 -- october 04 2005 --
- algorithm2e-announce@lirmm.fr mailing list for announcement about releases
- algorithm2e-discussion@lirmm.fr mailing list for discussion about package
subscribe by emailing sympa@lirmm.fr with 'subscribe <list> <firstname name>'
- Author: Christophe Fiorio (fiorio@lirmm.fr)
********************************************************
\skiptotal=\skip44
\skiprule=\skip45
\skiphlne=\skip46
\skiptext=\skip47
\skiplength=\skip48
\algomargin=\skip49
\skipalgocfslide=\skip50
\algowidth=\dimen126
\inoutsize=\dimen127
\inoutline=\dimen128
\algocf@inoutbox=\box28
\algocf@inputbox=\box29
\AlCapSkip=\skip51
\AlCapHSkip=\skip52
\algocf@capbox=\box30
\c@algocfline=\count99
\c@algocf=\count100
\algocf@algoframe=\box31
\algocf@algobox=\box32
) (/usr/share/texmf-texlive/tex/latex/mh/mathtools.sty
Package: mathtools 2008/08/01 v1.06 mathematical typesetting tools (MH)

(/usr/share/texmf-texlive/tex/latex/tools/calc.sty
Package: calc 2007/08/22 v4.3 Infix arithmetic (KKT,FJ)
\calc@Acount=\count101
\calc@Bcount=\count102
\calc@Adimen=\dimen129
\calc@Bdimen=\dimen130
\calc@Askip=\skip53
\calc@Bskip=\skip54
LaTeX Info: Redefining \setlength on input line 76.
LaTeX Info: Redefining \addtolength on input line 77.
\calc@Ccount=\count103
\calc@Cskip=\skip55
)
(/usr/share/texmf-texlive/tex/latex/mh/mhsetup.sty
Package: mhsetup 2007/12/03 v1.2 programming setup (MH)
)
(/usr/share/texmf-texlive/tex/latex/amsmath/amsmath.sty
Package: amsmath 2000/07/18 v2.13 AMS math features
\@mathmargin=\skip56

For additional information on amsmath, use the `?' option.
(/usr/share/texmf-texlive/tex/latex/amsmath/amstext.sty
Package: amstext 2000/06/29 v2.01

(/usr/share/texmf-texlive/tex/latex/amsmath/amsgen.sty
File: amsgen.sty 1999/11/30 v2.0
\@emptytoks=\toks21
\ex@=\dimen131
))
(/usr/share/texmf-texlive/tex/latex/amsmath/amsbsy.sty
Package: amsbsy 1999/11/29 v1.2d
\pmbraise@=\dimen132
)
(/usr/share/texmf-texlive/tex/latex/amsmath/amsopn.sty
Package: amsopn 1999/12/14 v2.01 operator names
)
\inf@bad=\count104
LaTeX Info: Redefining \frac on input line 211.
\uproot@=\count105
\leftroot@=\count106
LaTeX Info: Redefining \overline on input line 307.
\classnum@=\count107
\DOTSCASE@=\count108
LaTeX Info: Redefining \ldots on input line 379.
LaTeX Info: Redefining \dots on input line 382.
LaTeX Info: Redefining \cdots on input line 467.
\Mathstrutbox@=\box33
\strutbox@=\box34
\big@size=\dimen133
LaTeX Font Info:    Redeclaring font encoding OML on input line 567.
LaTeX Font Info:    Redeclaring font encoding OMS on input line 568.
\macc@depth=\count109
\c@MaxMatrixCols=\count110
\dotsspace@=\muskip10
\c@parentequation=\count111
\dspbrk@lvl=\count112
\tag@help=\toks22
\row@=\count113
\column@=\count114
\maxfields@=\count115
\andhelp@=\toks23
\eqnshift@=\dimen134
\alignsep@=\dimen135
\tagshift@=\dimen136
\tagwidth@=\dimen137
\totwidth@=\dimen138
\lineht@=\dimen139
\@envbody=\toks24
\multlinegap=\skip57
\multlinetaggap=\skip58
\mathdisplay@stack=\toks25
LaTeX Info: Redefining \[ on input line 2666.
LaTeX Info: Redefining \] on input line 2667.
)
\g_MT_multlinerow_int=\count116
\l_MT_multwidth_dim=\dimen140
)
\symmcy=\mathgroup6
\c@eqn=\count117
\c@thm=\count118
\c@defn=\count119
\c@theorem=\count120
\c@condition=\count121
 (./report2014.aux

LaTeX Warning: Label `bayesiancs' multiply defined.

)
\openout1 = `report2014.aux'.

LaTeX Font Info:    Checking defaults for OML/cmm/m/it on input line 73.
LaTeX Font Info:    ... okay on input line 73.
LaTeX Font Info:    Checking defaults for T1/cmr/m/n on input line 73.
LaTeX Font Info:    ... okay on input line 73.
LaTeX Font Info:    Checking defaults for OT1/cmr/m/n on input line 73.
LaTeX Font Info:    ... okay on input line 73.
LaTeX Font Info:    Checking defaults for OMS/cmsy/m/n on input line 73.
LaTeX Font Info:    ... okay on input line 73.
LaTeX Font Info:    Checking defaults for OMX/cmex/m/n on input line 73.
LaTeX Font Info:    ... okay on input line 73.
LaTeX Font Info:    Checking defaults for U/cmr/m/n on input line 73.
LaTeX Font Info:    ... okay on input line 73.
LaTeX Font Info:    Font shape `T1/ptm/bx/n' in size <5> not available
(Font)              Font shape `T1/ptm/b/n' tried instead on input line 73.
LaTeX Font Info:    Font shape `T1/ptm/bx/it' in size <5> not available
(Font)              Font shape `T1/ptm/b/it' tried instead on input line 73.
LaTeX Font Info:    Font shape `T1/ptm/bx/n' in size <7> not available
(Font)              Font shape `T1/ptm/b/n' tried instead on input line 73.
LaTeX Font Info:    Font shape `T1/ptm/bx/it' in size <7> not available
(Font)              Font shape `T1/ptm/b/it' tried instead on input line 73.
LaTeX Font Info:    Font shape `T1/ptm/bx/n' in size <8> not available
(Font)              Font shape `T1/ptm/b/n' tried instead on input line 73.
LaTeX Font Info:    Font shape `T1/ptm/bx/it' in size <8> not available
(Font)              Font shape `T1/ptm/b/it' tried instead on input line 73.
LaTeX Font Info:    Font shape `T1/ptm/bx/n' in size <9> not available
(Font)              Font shape `T1/ptm/b/n' tried instead on input line 73.
LaTeX Font Info:    Font shape `T1/ptm/bx/it' in size <9> not available
(Font)              Font shape `T1/ptm/b/it' tried instead on input line 73.
LaTeX Font Info:    Font shape `T1/ptm/bx/n' in size <10> not available
(Font)              Font shape `T1/ptm/b/n' tried instead on input line 73.
LaTeX Font Info:    Font shape `T1/ptm/bx/it' in size <10> not available
(Font)              Font shape `T1/ptm/b/it' tried instead on input line 73.
LaTeX Font Info:    Font shape `T1/ptm/bx/n' in size <11> not available
(Font)              Font shape `T1/ptm/b/n' tried instead on input line 73.
LaTeX Font Info:    Font shape `T1/ptm/bx/it' in size <11> not available
(Font)              Font shape `T1/ptm/b/it' tried instead on input line 73.
LaTeX Font Info:    Font shape `T1/ptm/bx/n' in size <12> not available
(Font)              Font shape `T1/ptm/b/n' tried instead on input line 73.
LaTeX Font Info:    Font shape `T1/ptm/bx/it' in size <12> not available
(Font)              Font shape `T1/ptm/b/it' tried instead on input line 73.
LaTeX Font Info:    Font shape `T1/ptm/bx/n' in size <17> not available
(Font)              Font shape `T1/ptm/b/n' tried instead on input line 73.
LaTeX Font Info:    Font shape `T1/ptm/bx/it' in size <17> not available
(Font)              Font shape `T1/ptm/b/it' tried instead on input line 73.
LaTeX Font Info:    Font shape `T1/ptm/bx/n' in size <20> not available
(Font)              Font shape `T1/ptm/b/n' tried instead on input line 73.
LaTeX Font Info:    Font shape `T1/ptm/bx/it' in size <20> not available
(Font)              Font shape `T1/ptm/b/it' tried instead on input line 73.
LaTeX Font Info:    Font shape `T1/ptm/bx/n' in size <24> not available
(Font)              Font shape `T1/ptm/b/n' tried instead on input line 73.
LaTeX Font Info:    Font shape `T1/ptm/bx/it' in size <24> not available
(Font)              Font shape `T1/ptm/b/it' tried instead on input line 73.

*geometry auto-detecting driver*
*geometry detected driver: pdftex*
-------------------- Geometry parameters
paper: class default
landscape: --
twocolumn: true
twoside: --
asymmetric: --
h-parts: 90.3375pt, 433.62001pt, 90.3375pt
v-parts: 90.3375pt, 614.295pt, 90.3375pt
hmarginratio: --
vmarginratio: --
lines: --
heightrounded: --
bindingoffset: 0.0pt
truedimen: --
includehead: --
includefoot: --
includemp: --
driver: pdftex
-------------------- Page layout dimensions and switches
\paperwidth  614.295pt
\paperheight 794.96999pt
\textwidth  433.62001pt
\textheight 614.295pt
\oddsidemargin  18.0675pt
\evensidemargin 18.0675pt
\topmargin  -11.99998pt
\headheight 12.0pt
\headsep    18.06749pt
\footskip   28.90755pt
\marginparwidth 20.0pt
\marginparsep   10.0pt
\columnsep  12.0pt
\skip\footins  10.79993pt plus 4.79993pt minus 2.39996pt
\hoffset 0.0pt
\voffset 0.0pt
\mag 1000
\@twocolumntrue 
(1in=72.27pt, 1cm=28.45pt)
-----------------------
(/usr/share/texmf-texlive/tex/context/base/supp-pdf.mkii
[Loading MPS to PDF converter (version 2006.09.02).]
\scratchcounter=\count122
\scratchdimen=\dimen141
\scratchbox=\box35
\nofMPsegments=\count123
\nofMParguments=\count124
\everyMPshowfont=\toks26
\MPscratchCnt=\count125
\MPscratchDim=\dimen142
\MPnumerator=\count126
\everyMPtoPDFconversion=\toks27
)

LaTeX Warning: Citation `Ukmobil' on page 1 undefined on input line 95.


LaTeX Warning: Citation `BBC News' on page 1 undefined on input line 95.

<uk-spectrum-allocation-chart1-640x445.jpg, id=1, 642.4pt x 446.66875pt>
File: uk-spectrum-allocation-chart1-640x445.jpg Graphic file (type jpg)

<use uk-spectrum-allocation-chart1-640x445.jpg>

LaTeX Warning: Citation `Strategy2013' on page 1 undefined on input line 100.

[1{/var/lib/texmf/fonts/map/pdftex/updmap/pdftex.map}


]
<cr2.jpg, id=9, 431.36156pt x 182.18062pt>
File: cr2.jpg Graphic file (type jpg)
 <use cr2.jpg>

LaTeX Warning: Citation `Burbidge2007' on page 2 undefined on input line 113.


LaTeX Warning: Citation `Burbidge2007' on page 2 undefined on input line 113.


LaTeX Warning: Citation `Candes2006' on page 2 undefined on input line 117.


LaTeX Warning: Citation `Donoho2006' on page 2 undefined on input line 117.


LaTeX Warning: Citation `Donoho' on page 2 undefined on input line 119.


Underfull \vbox (badness 10000) has occurred while \output is active []


<cablesnewyork.jpg, id=10, 260.975pt x 320.19624pt>
File: cablesnewyork.jpg Graphic file (type jpg)
 <use cablesnewyork.jpg>
Overfull \hbox (39.10986pt too wide) in paragraph at lines 132--133
[][]\T1/ptm/m/n/10 As
 []


Overfull \hbox (35.77975pt too wide) in paragraph at lines 132--133
\T1/ptm/m/n/10 with
 []


Overfull \hbox (27.99973pt too wide) in paragraph at lines 132--133
\T1/ptm/m/n/10 all
 []


Overfull \hbox (37.98973pt too wide) in paragraph at lines 132--133
\T1/ptm/m/n/10 tech-
 []


Overfull \hbox (31.32996pt too wide) in paragraph at lines 132--133
\T1/ptm/m/n/10 no-
 []


Overfull \hbox (34.10985pt too wide) in paragraph at lines 132--133
\T1/ptm/m/n/10 log-
 []


Overfull \hbox (24.10985pt too wide) in paragraph at lines 132--133
\T1/ptm/m/n/10 i-
 []


Overfull \hbox (29.65977pt too wide) in paragraph at lines 132--133
\T1/ptm/m/n/10 cal
 []


Overfull \hbox (29.10985pt too wide) in paragraph at lines 132--133
\T1/ptm/m/n/10 in-
 []


Overfull \hbox (31.32996pt too wide) in paragraph at lines 132--133
\T1/ptm/m/n/10 no-
 []


Overfull \hbox (30.5199pt too wide) in paragraph at lines 132--133
\T1/ptm/m/n/10 va-
 []


Overfull \hbox (39.94968pt too wide) in paragraph at lines 132--133
\T1/ptm/m/n/10 tions,
 []


Overfull \hbox (32.44968pt too wide) in paragraph at lines 132--133
\T1/ptm/m/n/10 this
 []


Overfull \hbox (33.55965pt too wide) in paragraph at lines 132--133
\T1/ptm/m/n/10 will
 []


Overfull \hbox (30.77989pt too wide) in paragraph at lines 132--133
\T1/ptm/m/n/10 not
 []


Overfull \hbox (35.77989pt too wide) in paragraph at lines 132--133
\T1/ptm/m/n/10 only
 []


Overfull \hbox (31.88974pt too wide) in paragraph at lines 132--133
\T1/ptm/m/n/10 im-
 []


Overfull \hbox (40.4701pt too wide) in paragraph at lines 132--133
\T1/ptm/m/n/10 prove
 []


Underfull \hbox (badness 1715) in paragraph at lines 132--133
\T1/ptm/m/n/10 ex-ist-ing in-fras-truc-ture but also new classes of
 []


Underfull \hbox (badness 3679) in paragraph at lines 132--133
\T1/ptm/m/n/10 de-vices to trans-mit, for in-stance; ap-pli-ca-tions
 []


Underfull \hbox (badness 4096) in paragraph at lines 132--133
\T1/ptm/m/n/10 spec-trum in-ter-mit-tently to trans-mit mon-i-tor-ing
 []


Underfull \hbox (badness 7944) in paragraph at lines 132--133
\T1/ptm/m/n/10 re-sults), inter-vehicle com-mu-ni-ca-tion for real
 []


Underfull \vbox (badness 10000) has occurred while \output is active []

 [2 <./cablesnewyork.jpg>]

LaTeX Warning: Citation `Y' on page 3 undefined on input line 160.

LaTeX Font Info:    Try loading font information for U+msa on input line 162.
(/usr/share/texmf-texlive/tex/latex/amsfonts/umsa.fd
File: umsa.fd 2009/06/22 v3.00 AMS symbols A
)
LaTeX Font Info:    Try loading font information for U+msb on input line 162.

(/usr/share/texmf-texlive/tex/latex/amsfonts/umsb.fd
File: umsb.fd 2009/06/22 v3.00 AMS symbols B
) [3]

LaTeX Warning: Citation `Yucek2009' on page 4 undefined on input line 225.


Underfull \vbox (badness 2529) has occurred while \output is active []

 [4]

LaTeX Warning: Citation `Ghozzi2006' on page 5 undefined on input line 305.

[5] <bands.png, id=33, 554.07pt x 271.0125pt>
File: bands.png Graphic file (type png)
 <use bands.png>

LaTeX Warning: Citation `Tian' on page 6 undefined on input line 329.


Underfull \vbox (badness 2573) has occurred while \output is active []

 [6]

LaTeX Warning: Citation `Donoho2006' on page 7 undefined on input line 362.


LaTeX Warning: Citation `Duarte2008' on page 7 undefined on input line 385.

<singlepixel.png, id=38, 540.51938pt x 435.12563pt>
File: singlepixel.png Graphic file (type png)
 <use singlepixel.png>

LaTeX Warning: Citation `singlepixelimaging' on page 7 undefined on input line 
392.


LaTeX Warning: Citation `Candes2006' on page 7 undefined on input line 408.

[7]
Overfull \hbox (22.31992pt too wide) detected at line 422
\OML/cmm/m/it/10 min\OMS/cmsy/m/n/10 k[]k[][]\OML/cmm/m/it/10 y[] \OT1/cmr/m/n/
10 = [] []\OMS/cmsy/m/n/10 8\OML/cmm/m/it/10 k \OMS/cmsy/m/n/10 2 \OML/cmm/m/it
/10 M \OMS/cmsy/m/n/10 ^^Z \OT1/cmr/m/n/10 [1 [] \OML/cmm/m/it/10 n\OT1/cmr/m/n
/10 ]
 []


LaTeX Warning: Citation `Chen1998' on page 8 undefined on input line 427.


LaTeX Warning: Citation `Tropp2007' on page 8 undefined on input line 427.


LaTeX Warning: Citation `Donoho2006a' on page 8 undefined on input line 435.


LaTeX Warning: Citation `Emma' on page 8 undefined on input line 440.


LaTeX Warning: Citation `Candes2007' on page 8 undefined on input line 454.

[8]

Package amsmath Warning: Foreign command \atopwithdelims;
(amsmath)                \frac or \genfrac should be used instead
(amsmath)                 on input line 481.

<l1l2.jpg, id=46, 552.56438pt x 383.18156pt>
File: l1l2.jpg Graphic file (type jpg)
 <use l1l2.jpg>

LaTeX Warning: Citation `Tibshirani1996' on page 9 undefined on input line 488.



LaTeX Warning: Citation `Tibshirani1996' on page 9 undefined on input line 488.



Overfull \hbox (8.22922pt too wide) detected at line 516
\OML/cmm/m/it/10 p [] \OT1/cmr/m/n/10 = (2\OML/cmm/m/it/10 ^^Y^^[[]\OT1/cmr/m/n
/10 )[] [] []
 []


LaTeX Warning: Citation `Tibshirani1996' on page 9 undefined on input line 526.


<LaplaceandNormalDensity.png, id=47, 295.85532pt x 244.66406pt>
File: LaplaceandNormalDensity.png Graphic file (type png)

<use LaplaceandNormalDensity.png>

LaTeX Warning: Citation `Tibshirani1996' on page 9 undefined on input line 531.



LaTeX Warning: Citation `Tibshirani1996' on page 9 undefined on input line 531.


[9]

LaTeX Warning: Citation `Baron2010' on page 10 undefined on input line 553.

<bayesiancs.png, id=51, 460.72125pt x 255.20343pt>
File: bayesiancs.png Graphic file (type png)
 <use bayesiancs.png>

LaTeX Warning: Citation `Ji2008' on page 10 undefined on input line 558.

LaTeX Font Info:    Try loading font information for T1+pcr on input line 582.
(/usr/share/texmf-texlive/tex/latex/psnfss/t1pcr.fd
File: t1pcr.fd 2001/06/04 font definitions for T1/pcr.
)
Underfull \hbox (badness 10000) detected at line 585
[][]
 []


Overfull \hbox (38.95685pt too wide) in paragraph at lines 564--586
 \T1/ptm/m/it/10 OMP: [] $[]$
 []


Underfull \hbox (badness 10000) in paragraph at lines 564--586

 []


LaTeX Warning: Citation `Dorfman1943' on page 10 undefined on input line 595.

[10] <GTFat.png, id=57, 459.21562pt x 351.56343pt>
File: GTFat.png Graphic file (type png)
 <use GTFat.png>

LaTeX Warning: Citation `Atia2008' on page 11 undefined on input line 640.


LaTeX Warning: Citation `Hwang1972' on page 11 undefined on input line 653.

[11]

LaTeX Warning: Citation `Aldridge2013' on page 12 undefined on input line 671.


LaTeX Warning: Citation `Chan2011' on page 12 undefined on input line 687.


LaTeX Warning: Citation `Baldassini2013' on page 12 undefined on input line 715
.

[12]

LaTeX Warning: Citation `Emma' on page 13 undefined on input line 720.


LaTeX Warning: Citation `Sejdinovic2010' on page 13 undefined on input line 726
.


LaTeX Warning: Citation `Wadayama2013' on page 13 undefined on input line 726.


LaTeX Warning: Citation `Baldassini2013' on page 13 undefined on input line 726
.


Underfull \vbox (badness 3601) has occurred while \output is active []



LaTeX Warning: Citation `dorfman' on page 13 undefined on input line 729.


LaTeX Warning: Citation `dorfman' on page 13 undefined on input line 744.


LaTeX Warning: Citation `du' on page 13 undefined on input line 745.


LaTeX Warning: Citation `malyutov' on page 13 undefined on input line 745.


LaTeX Warning: Citation `malyutov' on page 13 undefined on input line 745.


LaTeX Warning: Citation `atia' on page 13 undefined on input line 749.


LaTeX Warning: Citation `johnsonc8' on page 13 undefined on input line 749.


LaTeX Warning: Citation `johnson33' on page 13 undefined on input line 749.


LaTeX Warning: Citation `wadayama' on page 13 undefined on input line 749.


LaTeX Warning: Citation `li5' on page 13 undefined on input line 753.

[13]

LaTeX Warning: Citation `atia2' on page 14 undefined on input line 757.


LaTeX Warning: Citation `dorfman' on page 14 undefined on input line 759.


LaTeX Warning: Citation `shental' on page 14 undefined on input line 760.


Underfull \hbox (badness 2012) in paragraph at lines 756--763
[]\T1/ptm/m/n/10 This Prob-a-bilis-tic frame-work, in-clud-ing non-
 []


LaTeX Warning: Citation `atia' on page 14 undefined on input line 766.


LaTeX Warning: Citation `johnsonc10' on page 14 undefined on input line 766.


LaTeX Warning: Citation `johnson33' on page 14 undefined on input line 766.


LaTeX Warning: Citation `tan' on page 14 undefined on input line 766.


LaTeX Warning: Citation `atia' on page 14 undefined on input line 767.


LaTeX Warning: Citation `tan' on page 14 undefined on input line 767.


LaTeX Warning: Citation `johnsonc10' on page 14 undefined on input line 769.


LaTeX Warning: Citation `johnsonc10' on page 14 undefined on input line 792.


LaTeX Warning: Citation `li5' on page 14 undefined on input line 792.


LaTeX Warning: Citation `johnsonc10' on page 14 undefined on input line 803.


LaTeX Warning: Citation `johnsonc10' on page 14 undefined on input line 805.


LaTeX Warning: Citation `johnsonc10' on page 14 undefined on input line 811.


LaTeX Warning: Citation `hwang' on page 14 undefined on input line 816.


LaTeX Warning: Citation `du' on page 14 undefined on input line 816.


LaTeX Warning: Citation `johnsonc10' on page 14 undefined on input line 822.


LaTeX Warning: Citation `wadayama' on page 14 undefined on input line 823.

[14]

LaTeX Warning: Citation `li5' on page 15 undefined on input line 836.


LaTeX Warning: Citation `li5' on page 15 undefined on input line 836.


LaTeX Warning: Citation `hwang' on page 15 undefined on input line 838.


LaTeX Warning: Citation `li5' on page 15 undefined on input line 845.


LaTeX Warning: Citation `johnsonc10' on page 15 undefined on input line 860.


LaTeX Warning: Citation `li5' on page 15 undefined on input line 879.


LaTeX Warning: Citation `li5' on page 15 undefined on input line 881.


LaTeX Warning: Citation `li5' on page 15 undefined on input line 884.


LaTeX Warning: Citation `li5' on page 15 undefined on input line 890.


Underfull \hbox (badness 1377) in paragraph at lines 889--894
\T1/ptm/m/n/10 gence to $\OT1/cmr/m/n/10 1$ \T1/ptm/m/n/10 of the suc-cess prob
-a-bil-ity. In our
 []

[15]
Underfull \hbox (badness 10000) detected at line 912
[][]
 []


LaTeX Warning: Citation `li5' on page 16 undefined on input line 924.


LaTeX Warning: Citation `aksoylar' on page 16 undefined on input line 936.


LaTeX Warning: Citation `tan' on page 16 undefined on input line 936.


LaTeX Warning: Citation `candes' on page 16 undefined on input line 943.


LaTeX Warning: Citation `donoho2' on page 16 undefined on input line 943.


LaTeX Warning: Citation `candes' on page 16 undefined on input line 944.


LaTeX Warning: Citation `donoho2' on page 16 undefined on input line 944.

[16]
Overfull \hbox (32.65326pt too wide) in alignment at lines 976--980
 [][][] []
 []

[17]

LaTeX Warning: Citation `li5' on page 18 undefined on input line 1023.


LaTeX Warning: Citation `li5' on page 18 undefined on input line 1040.


Underfull \hbox (badness 2088) in paragraph at lines 1044--1046
[]\T1/ptm/m/n/10 We com-bine this with an-other bound, con-
 []


Overfull \hbox (15.96297pt too wide) detected at line 1047
\OML/cmm/m/it/10 ^^Z \OT1/cmr/m/n/10 = [] \OML/cmm/m/it/10 p[]\U/msb/m/n/10 I\O
T1/cmr/m/n/10 (\OML/cmm/m/it/10 p[] \OMS/cmsy/m/n/10 ^^T \OML/cmm/m/it/10 ^^R\O
T1/cmr/m/n/10 ) \OMS/cmsy/m/n/10 ^^T [] \OML/cmm/m/it/10 p[] [] \OMS/cmsy/m/n/1
0 ^^T []\OML/cmm/m/it/10 ;
 []

[18]
Overfull \hbox (28.09048pt too wide) detected at line 1104
\OML/cmm/m/it/10 ^^V \OT1/cmr/m/n/10 = [] \OML/cmm/m/it/10 p[] \OMS/cmsy/m/n/10
 ^^U [] \OML/cmm/m/it/10 p[] \OT1/cmr/m/n/10 = [] \OML/cmm/m/it/10 P[] \OMS/cms
y/m/n/10 ^^U [] \OML/cmm/m/it/10 P[] \OMS/cmsy/m/n/10 ^^U [] []\OML/cmm/m/it/10
 :
 []


Overfull \hbox (23.87599pt too wide) in alignment at lines 1129--1137
 [][][] []
 []


LaTeX Warning: Citation `petrov' on page 19 undefined on input line 1156.


Overfull \hbox (15.66858pt too wide) detected at line 1164
\U/msb/m/n/10 P [] \OMS/cmsy/m/n/10 ^^T [] [] \OML/cmm/m/it/10 ; []
 []

[19]
Overfull \hbox (17.42842pt too wide) detected at line 1182
\U/msb/m/n/10 P\OT1/cmr/m/n/10 ([]) \OMS/cmsy/m/n/10 ^^U \OT1/cmr/m/n/10 1 \OMS
/cmsy/m/n/10 ^^@ [][] ^^@ [] [] \OML/cmm/m/it/10 :
 []


Underfull \hbox (badness 2409) in paragraph at lines 1184--1188
[]\T1/ptm/m/n/10 Hence in any regime where $\OML/cmm/m/it/10 ^^V \OMS/cmsy/m/n/
10 ! 1$
 []


Underfull \hbox (badness 4940) in paragraph at lines 1184--1188
\T1/ptm/m/n/10 with $\OML/cmm/m/it/10 ^^V=H\OT1/cmr/m/n/10 (\OT1/cmr/bx/n/10 U\
OT1/cmr/m/n/10 ) \OMS/cmsy/m/n/10 ! \OT1/cmr/m/n/10 0$ \T1/ptm/m/n/10 and $\OML
/cmm/m/it/10 L=M[] \OMS/cmsy/m/n/10 !
 []


Underfull \hbox (badness 2495) in paragraph at lines 1184--1188
\OMS/cmsy/m/n/10 1$\T1/ptm/m/n/10 , our group test-ing al-go-rithm has (a)
 []


Overfull \hbox (3.26163pt too wide) in alignment at lines 1215--1222
 [][][] []
 []


Underfull \hbox (badness 1521) in paragraph at lines 1222--1224
\T1/ptm/m/n/10 Using the union bound, the prob-a-bil-ity bound
 []


Underfull \hbox (badness 2334) in paragraph at lines 1236--1239
\OML/cmm/m/it/10 Np\OT1/cmr/m/n/10 (\OMS/cmsy/m/n/10 ^^@ [][] \OML/cmm/m/it/10 
p\OT1/cmr/m/n/10 )[]$ \T1/ptm/m/n/10 and $\OML/cmm/m/it/10 M \OT1/cmr/m/n/10 = 
(\OMS/cmsy/m/n/10 ^^@ [][] \OML/cmm/m/it/10 p\OT1/cmr/m/n/10 )$ \T1/ptm/m/n/10 
so that
 []

[20] <ubvslb.png, id=93, 586.8324pt x 442.2924pt>
File: ubvslb.png Graphic file (type png)
 <use ubvslb.png>
Overfull \hbox (6.0pt too wide) in paragraph at lines 1260--1261
 [][] 
 []

<variousalpha.png, id=95, 586.8324pt x 442.2924pt>
File: variousalpha.png Graphic file (type png)
 <use variousalpha.png>
Overfull \hbox (6.0pt too wide) in paragraph at lines 1269--1270
 [][] 
 []


LaTeX Warning: `h' float specifier changed to `ht'.

<nicegraphlaminar.png, id=96, 586.8324pt x 442.2924pt>
File: nicegraphlaminar.png Graphic file (type png)

<use nicegraphlaminar.png>
Overfull \hbox (6.0pt too wide) in paragraph at lines 1276--1277
 [][] 
 []


LaTeX Warning: `h' float specifier changed to `ht'.


LaTeX Warning: Citation `li5' on page 21 undefined on input line 1288.

[21 <./ubvslb.png> <./variousalpha.png> <./nicegraphlaminar.png>]

LaTeX Warning: Citation `Mishali2010' on page 22 undefined on input line 1315.


LaTeX Warning: Command \textunderscore invalid in math mode on input line 1350.



LaTeX Warning: Command \textunderscore invalid in math mode on input line 1353.



LaTeX Warning: Citation `Aldrouobi' on page 22 undefined on input line 1357.

[22] <GTvsCS.png, id=108, 553.31718pt x 406.51875pt>
File: GTvsCS.png Graphic file (type png)
 <use GTvsCS.png> [23]

LaTeX Warning: Citation `Aldroubi' on page 24 undefined on input line 1384.


LaTeX Warning: Citation `Wadayama2013' on page 24 undefined on input line 1389.



LaTeX Warning: Citation `Sejdinovic2010' on page 24 undefined on input line 138
9.


Underfull \vbox (badness 10000) has occurred while \output is active []


Underfull \hbox (badness 2351) in paragraph at lines 1393--1394
[]\T1/ptm/m/n/10 There cur-rently ex-ist no two-dimensional
 []


Underfull \vbox (badness 10000) has occurred while \output is active []

 [24]
No file report2014.bbl.

** Conference Paper **
Before submitting the final camera ready copy, remember to:

 1. Manually equalize the lengths of two columns on the last page
 of your paper;

 2. Ensure that any PostScript and/or PDF output post-processing
 uses only Type 1 fonts and that every step in the generation
 process uses the appropriate paper size.

[25

] [26 <./uk-spectrum-allocation-chart1-640x445.jpg> <./cr2.jpg>] [27 <./bands.p
ng (PNG copy)> <./singlepixel.png (PNG copy)>] [28 <./l1l2.jpg> <./LaplaceandNo
rmalDensity.png (PNG copy)>] [29 <./bayesiancs.png (PNG copy)> <./GTFat.png (PN
G copy)>] [30 <./GTvsCS.png>] (./report2014.aux)

LaTeX Warning: There were undefined references.


LaTeX Warning: There were multiply-defined labels.

 ) 
Here is how much of TeX's memory you used:
 5292 strings out of 495061
 70637 string characters out of 1182621
 164465 words of memory out of 3000000
 8375 multiletter control sequences out of 15000+50000
 114722 words of font info for 136 fonts, out of 3000000 for 9000
 28 hyphenation exceptions out of 8191
 33i,15n,32p,1008b,363s stack positions out of 5000i,500n,10000p,200000b,50000s
{/usr/share/texmf-texlive/fonts/enc/dvips/base/8r.enc}</usr/share/texmf-texli
ve/fonts/type1/public/amsfonts/cm/cmbx10.pfb></usr/share/texmf-texlive/fonts/ty
pe1/public/amsfonts/cm/cmbx7.pfb></usr/share/texmf-texlive/fonts/type1/public/a
msfonts/cm/cmex10.pfb></usr/share/texmf-texlive/fonts/type1/public/amsfonts/cm/
cmmi10.pfb></usr/share/texmf-texlive/fonts/type1/public/amsfonts/cm/cmmi5.pfb><
/usr/share/texmf-texlive/fonts/type1/public/amsfonts/cm/cmmi7.pfb></usr/share/t
exmf-texlive/fonts/type1/public/amsfonts/cm/cmmi8.pfb></usr/share/texmf-texlive
/fonts/type1/public/amsfonts/cm/cmr10.pfb></usr/share/texmf-texlive/fonts/type1
/public/amsfonts/cm/cmr5.pfb></usr/share/texmf-texlive/fonts/type1/public/amsfo
nts/cm/cmr6.pfb></usr/share/texmf-texlive/fonts/type1/public/amsfonts/cm/cmr7.p
fb></usr/share/texmf-texlive/fonts/type1/public/amsfonts/cm/cmr8.pfb></usr/shar
e/texmf-texlive/fonts/type1/public/amsfonts/cm/cmsy10.pfb></usr/share/texmf-tex
live/fonts/type1/public/amsfonts/cm/cmsy5.pfb></usr/share/texmf-texlive/fonts/t
ype1/public/amsfonts/cm/cmsy7.pfb></usr/share/texmf-texlive/fonts/type1/public/
amsfonts/symbols/msbm10.pfb></usr/share/texmf-texlive/fonts/type1/urw/courier/u
crr8a.pfb></usr/share/texmf-texlive/fonts/type1/urw/times/utmb8a.pfb></usr/shar
e/texmf-texlive/fonts/type1/urw/times/utmbi8a.pfb></usr/share/texmf-texlive/fon
ts/type1/urw/times/utmr8a.pfb></usr/share/texmf-texlive/fonts/type1/urw/times/u
tmri8a.pfb></usr/share/texmf-texlive/fonts/type1/public/amsfonts/cyrillic/wncyr
10.pfb>
Output written on report2014.pdf (30 pages, 886652 bytes).
PDF statistics:
 205 PDF objects out of 1000 (max. 8388607)
 0 named destinations out of 1000 (max. 500000)
 66 words of extra memory for PDF output out of 10000 (max. 10000000)

